[debug] ----------------------------------------------------------------------
[debug] Command:      C:\Program Files\nodejs\node.exe C:\Users\Andy\AppData\Roaming\npm\node_modules\firebase-tools\bin\firebase serve
[debug] CLI Version:  3.5.0
[debug] Platform:     win32
[debug] Node Version: v7.4.0
[debug] Time:         Wed Mar 22 2017 20:37:28 GMT-0500 (Central Daylight Time)
[debug] ----------------------------------------------------------------------
[debug] 
[info] Starting Firebase development server...
[info] 
[info] Project Directory: C:\Users\Andy\desktop\github\project_ares
[info] Public Directory: ./
[info] 
[info] Server listening at: http://localhost:5000
[debug] ----------------------------------------------------------------------
[debug] Command:      C:\Program Files\nodejs\node.exe C:\Users\Andy\AppData\Roaming\npm\node_modules\firebase-tools\bin\firebase serve
[debug] CLI Version:  3.5.0
[debug] Platform:     win32
[debug] Node Version: v7.4.0
[debug] Time:         Thu Mar 23 2017 13:25:58 GMT-0500 (Central Daylight Time)
[debug] ----------------------------------------------------------------------
[debug] 
[info] Starting Firebase development server...
[info] 
[info] Project Directory: C:\Users\Andy\desktop\github\project_ares
[info] Public Directory: ./
[info] 
[info] Server listening at: http://localhost:5000
